[1.473s] Invoking command in '/mnt/Storage/Documents/MIT/Books/Mini_Project/build/ur5': CMAKE_PREFIX_PATH=${CMAKE_PREFIX_PATH}:/home/srikar/ws_moveit2/install/moveit_configs_utils:/home/srikar/ws_moveit2/install/launch_param_builder:/opt/ros/humble /usr/bin/cmake --build /mnt/Storage/Documents/MIT/Books/Mini_Project/build/ur5 -- -j8 -l8
[1.480s] [0mCMake Error: The current CMakeCache.txt directory /mnt/Storage/Documents/MIT/Books/Mini_Project/build/ur5/CMakeCache.txt is different than the directory /mnt/Storage/Documents/MIT/Books/Robotics-2_Lab/Mini_Project/build/ur5 where CMakeCache.txt was created. This may result in binaries being created in the wrong place. If you are not sure, reedit the CMakeCache.txt[0m
[6.891s] -- Found ament_cmake: 1.3.11 (/opt/ros/humble/share/ament_cmake/cmake)
[8.349s] -- Found rclpy: 3.3.15 (/opt/ros/humble/share/rclpy/cmake)
[8.351s] -- Found robot_state_publisher: 3.0.3 (/opt/ros/humble/share/robot_state_publisher/cmake)
[8.417s] -- Found rosidl_generator_c: 3.1.6 (/opt/ros/humble/share/rosidl_generator_c/cmake)
[8.422s] -- Found rosidl_adapter: 3.1.6 (/opt/ros/humble/share/rosidl_adapter/cmake)
[8.437s] -- Found rosidl_generator_cpp: 3.1.6 (/opt/ros/humble/share/rosidl_generator_cpp/cmake)
[9.908s] -- Using all available rosidl_typesupport_c: rosidl_typesupport_fastrtps_c;rosidl_typesupport_introspection_c
[9.951s] -- Using all available rosidl_typesupport_cpp: rosidl_typesupport_fastrtps_cpp;rosidl_typesupport_introspection_cpp
[10.027s] -- Found eigen3_cmake_module: 0.1.1 (/opt/ros/humble/share/eigen3_cmake_module/cmake)
[10.029s] -- Ensuring Eigen3 include directory is part of orocos-kdl CMake target
[10.078s] -- Found rmw_implementation_cmake: 6.1.2 (/opt/ros/humble/share/rmw_implementation_cmake/cmake)
[10.083s] -- Found rmw_cyclonedds_cpp: 1.3.4 (/opt/ros/humble/share/rmw_cyclonedds_cpp/cmake)
[10.115s] -- Using RMW implementation 'rmw_cyclonedds_cpp' as default
[12.436s] -- Found gazebo_ros: 3.7.0 (/opt/ros/humble/share/gazebo_ros/cmake)
[12.487s] -- Found DART: /usr/include (Required is at least version "6.6") found components: dart 
[12.532s] -- Found Boost: /usr/lib/x86_64-linux-gnu/cmake/Boost-1.74.0/BoostConfig.cmake (found suitable version "1.74.0", minimum required is "1.40.0") found components: thread system filesystem program_options regex iostreams date_time 
[12.554s] -- Found Protobuf: /usr/lib/x86_64-linux-gnu/libprotobuf.so (found version "3.12.4") 
[12.556s] -- Looking for ignition-math6 -- found version 6.15.1
[12.569s] -- Searching for dependencies of ignition-math6
[12.570s] -- Looking for OGRE...
[12.579s] -- Found Ogre Ghadamon (1.9.0)
[12.579s] -- Found OGRE: optimized;/usr/lib/x86_64-linux-gnu/libOgreMain.so;debug;/usr/lib/x86_64-linux-gnu/libOgreMain.so
[12.592s] -- Looking for OGRE_Paging...
[12.592s] -- Found OGRE_Paging: optimized;/usr/lib/x86_64-linux-gnu/libOgrePaging.so;debug;/usr/lib/x86_64-linux-gnu/libOgrePaging.so
[12.592s] -- Looking for OGRE_Terrain...
[12.596s] -- Found OGRE_Terrain: optimized;/usr/lib/x86_64-linux-gnu/libOgreTerrain.so;debug;/usr/lib/x86_64-linux-gnu/libOgreTerrain.so
[12.596s] -- Looking for OGRE_Property...
[12.596s] -- Found OGRE_Property: optimized;/usr/lib/x86_64-linux-gnu/libOgreProperty.so;debug;/usr/lib/x86_64-linux-gnu/libOgreProperty.so
[12.597s] -- Looking for OGRE_RTShaderSystem...
[12.597s] -- Found OGRE_RTShaderSystem: optimized;/usr/lib/x86_64-linux-gnu/libOgreRTShaderSystem.so;debug;/usr/lib/x86_64-linux-gnu/libOgreRTShaderSystem.so
[12.597s] -- Looking for OGRE_Volume...
[12.597s] -- Found OGRE_Volume: optimized;/usr/lib/x86_64-linux-gnu/libOgreVolume.so;debug;/usr/lib/x86_64-linux-gnu/libOgreVolume.so
[12.597s] -- Looking for OGRE_Overlay...
[12.597s] -- Found OGRE_Overlay: optimized;/usr/lib/x86_64-linux-gnu/libOgreOverlay.so;debug;/usr/lib/x86_64-linux-gnu/libOgreOverlay.so
[13.049s] -- Looking for ignition-math6 -- found version 6.15.1
[13.050s] -- Looking for ignition-transport8 -- found version 8.2.1
[13.051s] -- Searching for dependencies of ignition-transport8
[13.072s] -- Found Protobuf: /usr/lib/x86_64-linux-gnu/libprotobuf.so (found suitable version "3.12.4", minimum required is "3") 
[13.086s] -- Config-file not installed for ZeroMQ -- checking for pkg-config
[13.091s] -- Checking for module 'libzmq >= 4'
[13.113s] --   Found libzmq , version 4.3.4
[13.163s] -- Checking for module 'uuid'
[13.182s] --   Found uuid, version 2.37.2
[13.220s] -- Looking for ignition-msgs5 -- found version 5.8.1
[13.220s] -- Searching for dependencies of ignition-msgs5
[13.241s] -- Looking for ignition-math6 -- found version 6.15.1
[13.250s] -- Looking for ignition-msgs5 -- found version 5.8.1
[13.252s] -- Looking for ignition-common3 -- found version 3.14.0
[13.252s] -- Searching for dependencies of ignition-common3
[13.253s] -- Looking for dlfcn.h - found
[13.253s] -- Looking for libdl - found
[13.272s] -- Searching for <ignition-common3> component [graphics]
[13.273s] -- Looking for ignition-common3-graphics -- found version 3.14.0
[13.274s] -- Searching for dependencies of ignition-common3-graphics
[13.274s] -- Looking for ignition-math6 -- found version 6.15.1
[13.277s] -- Looking for ignition-fuel_tools4 -- found version 4.4.0
[13.277s] -- Searching for dependencies of ignition-fuel_tools4
[13.327s] -- Checking for module 'jsoncpp'
[13.346s] --   Found jsoncpp, version 1.9.5
[13.389s] -- Checking for module 'libzip'
[13.408s] --   Found libzip, version 1.7.3
[13.466s] -- Looking for ignition-common3 -- found version 3.14.0
[13.467s] -- Looking for ignition-math6 -- found version 6.15.1
[13.467s] -- Looking for ignition-msgs5 -- found version 5.8.1
[13.470s] -- Gazebo version: 11.10
[13.473s] -- Found rviz2: 11.2.14 (/opt/ros/humble/share/rviz2/cmake)
[13.474s] -- Found controller_manager: 2.46.0 (/opt/ros/humble/share/controller_manager/cmake)
[13.637s] -- Found moveit_core: 2.5.6 (/opt/ros/humble/share/moveit_core/cmake)
[13.646s] -- Found Boost: /usr/lib/x86_64-linux-gnu/cmake/Boost-1.74.0/BoostConfig.cmake (found version "1.74.0") found components: chrono date_time filesystem iostreams program_options regex serialization system thread 
[13.695s] -- Found parameter_traits: 0.3.9 (/opt/ros/humble/share/parameter_traits/cmake)
[13.720s] -- Found Boost: /usr/lib/x86_64-linux-gnu/cmake/Boost-1.74.0/BoostConfig.cmake (found version "1.74.0") found components: filesystem 
[13.764s] -- library: /usr/lib/x86_64-linux-gnu/libcurl.so
[13.969s] -- Found moveit_visual_tools: 4.1.1 (/opt/ros/humble/share/moveit_visual_tools/cmake)
[14.016s] -- Found Boost: /usr/lib/x86_64-linux-gnu/cmake/Boost-1.74.0/BoostConfig.cmake (found version "1.74.0") found components: system filesystem date_time program_options thread chrono 
[14.092s] -- Setting assimp_DIR to: '/opt/ros/humble/share/rviz_assimp_vendor/cmake/../../../opt/rviz_assimp_vendor/lib/cmake/assimp-4.1'
[14.097s] -- Setting OGRE_DIR to: '/opt/ros/humble/share/rviz_ogre_vendor/cmake/../../../opt/rviz_ogre_vendor/lib/OGRE/cmake'
[14.100s] -- Found OGRE
[14.100s] --   static     : OFF
[14.100s] --   components : HLMS;MeshLodGenerator;Overlay;Paging;Property;RTShaderSystem;Terrain;Volume
[14.100s] --   plugins    : Plugin_BSPSceneManager;Plugin_OctreeSceneManager;Plugin_PCZSceneManager;Plugin_ParticleFX;RenderSystem_GL;RenderSystem_GL3Plus;Codec_STBI
[14.100s] --   media      : /opt/ros/humble/opt/rviz_ogre_vendor/share/OGRE/Media
[14.100s] -- OGRE_LIBRARIES: OgreHLMS;OgreMeshLodGenerator;OgreOverlay;OgrePaging;OgreProperty;OgreRTShaderSystem;OgreTerrain;OgreVolume;OgreMain
[14.101s] -- OGRE_LIBRARY_DIRS: /opt/ros/humble/opt/rviz_ogre_vendor/lib
[14.101s] -- OGRE_PLUGINS: Plugin_BSPSceneManager;Plugin_OctreeSceneManager;Plugin_PCZSceneManager;Plugin_ParticleFX;RenderSystem_GL;RenderSystem_GL3Plus;Codec_STBI
[14.101s] -- OGRE_PLUGIN_DIR: /opt/ros/humble/opt/rviz_ogre_vendor/lib/OGRE
[14.101s] -- rviz_ogre_vendor::OgreOverlay for IMPORTED_LOCATION_RELEASE: /opt/ros/humble/opt/rviz_ogre_vendor/lib/libOgreOverlay.so
[14.101s] -- rviz_ogre_vendor::OgreOverlay for IMPORTED_LOCATION_DEBUG: /opt/ros/humble/opt/rviz_ogre_vendor/lib/libOgreOverlay.so
[14.101s] -- rviz_ogre_vendor::OgreMain for IMPORTED_LOCATION_RELEASE: /opt/ros/humble/opt/rviz_ogre_vendor/lib/libOgreMain.so
[14.101s] -- rviz_ogre_vendor::OgreMain for IMPORTED_LOCATION_DEBUG: /opt/ros/humble/opt/rviz_ogre_vendor/lib/libOgreMain.so
[14.361s] -- Found moveit_ros_planning_interface: 2.5.6 (/opt/ros/humble/share/moveit_ros_planning_interface/cmake)
[14.370s] -- Found Boost: /usr/lib/x86_64-linux-gnu/cmake/Boost-1.74.0/BoostConfig.cmake (found version "1.74.0") found components: date_time filesystem program_options system thread 
[14.397s] -- Found Boost: /usr/lib/x86_64-linux-gnu/cmake/Boost-1.74.0/BoostConfig.cmake (found version "1.74.0") found components: thread system filesystem regex date_time program_options 
[14.437s] -- Found Boost: /usr/lib/x86_64-linux-gnu/cmake/Boost-1.74.0/BoostConfig.cmake (found version "1.74.0") found components: system filesystem date_time program_options thread 
[23.976s] -- Configuring done
[24.230s] -- Generating done
[24.250s] -- Build files have been written to: /mnt/Storage/Documents/MIT/Books/Robotics-2_Lab/Mini_Project/build/ur5
[24.394s] gmake[2]: *** No rule to make target '/home/srikar/ws_moveit2/install/moveit_visual_tools/lib/libmoveit_visual_tools.so', needed by 'motion_plan'.  Stop.
[24.394s] gmake[2]: *** Waiting for unfinished jobs....
[24.400s] [ 50%] [32mBuilding CXX object CMakeFiles/motion_plan.dir/src/motion_plan.cpp.o[0m
[25.344s] In file included from [01m[K/opt/ros/humble/include/moveit/robot_model/joint_model_group.h:41[m[K,
[25.344s]                  from [01m[K/opt/ros/humble/include/moveit/robot_model/robot_model.h:45[m[K,
[25.345s]                  from [01m[K/opt/ros/humble/include/moveit/robot_state/robot_state.h:40[m[K,
[25.345s]                  from [01m[K/opt/ros/humble/include/moveit/move_group_interface/move_group_interface.h:41[m[K,
[25.345s]                  from [01m[K/mnt/Storage/Documents/MIT/Books/Robotics-2_Lab/Mini_Project/src/ur5/src/motion_plan.cpp:3[m[K:
[25.345s] [01m[K/opt/ros/humble/include/moveit/robot_model/link_model.h:46:10:[m[K [01;31m[Kfatal error: [m[Kgeometric_shapes/check_isometry.h: No such file or directory
[25.345s]    46 | #include [01;31m[K<geometric_shapes/check_isometry.h>[m[K
[25.345s]       |          [01;31m[K^~~~~~~~~~~~~~~~~~~~~~~~~~~~~~~~~~~[m[K
[25.345s] compilation terminated.
[25.352s] gmake[2]: *** [CMakeFiles/motion_plan.dir/build.make:76: CMakeFiles/motion_plan.dir/src/motion_plan.cpp.o] Error 1
[25.352s] gmake[1]: *** [CMakeFiles/Makefile2:137: CMakeFiles/motion_plan.dir/all] Error 2
[25.352s] gmake: *** [Makefile:146: all] Error 2
[25.358s] Invoked command in '/mnt/Storage/Documents/MIT/Books/Mini_Project/build/ur5' returned '2': CMAKE_PREFIX_PATH=${CMAKE_PREFIX_PATH}:/home/srikar/ws_moveit2/install/moveit_configs_utils:/home/srikar/ws_moveit2/install/launch_param_builder:/opt/ros/humble /usr/bin/cmake --build /mnt/Storage/Documents/MIT/Books/Mini_Project/build/ur5 -- -j8 -l8
